<?xml version="1.0" encoding="UTF-8"?>
<testng-results skipped="0" failed="1" ignored="0" total="3" passed="2">
  <reporter-output>
  </reporter-output>
  <suite name="Suite" duration-ms="99373" started-at="2021-05-21T16:52:25 IST" finished-at="2021-05-21T16:54:05 IST">
    <groups>
    </groups>
    <test name="udemy landing" duration-ms="74624" started-at="2021-05-21T16:52:25 IST" finished-at="2021-05-21T16:53:40 IST">
      <class name="framework.udemy">
        <test-method status="PASS" signature="openingBrowser()[pri:0, instance:framework.udemy@35e2d654]" name="openingBrowser" is-config="true" duration-ms="27065" started-at="2021-05-21T16:52:25 IST" finished-at="2021-05-21T16:52:52 IST">
          <reporter-output>
          </reporter-output>
        </test-method> <!-- openingBrowser -->
        <test-method status="FAIL" signature="udemyApp()[pri:0, instance:framework.udemy@35e2d654]" name="udemyApp" duration-ms="45143" started-at="2021-05-21T16:52:54 IST" finished-at="2021-05-21T16:53:39 IST">
          <exception class="java.lang.AssertionError">
            <message>
              <![CDATA[expected [false] but found [true]]]>
            </message>
            <full-stacktrace>
              <![CDATA[java.lang.AssertionError: expected [false] but found [true]
at org.testng.Assert.fail(Assert.java:99)
at org.testng.Assert.failNotEquals(Assert.java:1037)
at org.testng.Assert.assertFalse(Assert.java:67)
at org.testng.Assert.assertFalse(Assert.java:77)
at framework.udemy.udemyApp(udemy.java:34)
at sun.reflect.NativeMethodAccessorImpl.invoke0(Native Method)
at sun.reflect.NativeMethodAccessorImpl.invoke(NativeMethodAccessorImpl.java:62)
at sun.reflect.DelegatingMethodAccessorImpl.invoke(DelegatingMethodAccessorImpl.java:43)
at java.lang.reflect.Method.invoke(Method.java:498)
at org.testng.internal.MethodInvocationHelper.invokeMethod(MethodInvocationHelper.java:133)
at org.testng.internal.TestInvoker.invokeMethod(TestInvoker.java:598)
at org.testng.internal.TestInvoker.invokeTestMethod(TestInvoker.java:173)
at org.testng.internal.MethodRunner.runInSequence(MethodRunner.java:46)
at org.testng.internal.TestInvoker$MethodInvocationAgent.invoke(TestInvoker.java:824)
at org.testng.internal.TestInvoker.invokeTestMethods(TestInvoker.java:146)
at org.testng.internal.TestMethodWorker.invokeTestMethods(TestMethodWorker.java:146)
at org.testng.internal.TestMethodWorker.run(TestMethodWorker.java:128)
at java.util.ArrayList.forEach(ArrayList.java:1259)
at org.testng.TestRunner.privateRun(TestRunner.java:794)
at org.testng.TestRunner.run(TestRunner.java:596)
at org.testng.SuiteRunner.runTest(SuiteRunner.java:377)
at org.testng.SuiteRunner.access$000(SuiteRunner.java:28)
at org.testng.SuiteRunner$SuiteWorker.run(SuiteRunner.java:418)
at org.testng.internal.thread.ThreadUtil.lambda$execute$0(ThreadUtil.java:64)
at java.util.concurrent.FutureTask.run(FutureTask.java:266)
at java.util.concurrent.ThreadPoolExecutor.runWorker(ThreadPoolExecutor.java:1149)
at java.util.concurrent.ThreadPoolExecutor$Worker.run(ThreadPoolExecutor.java:624)
at java.lang.Thread.run(Thread.java:748)
]]>
            </full-stacktrace>
          </exception> <!-- java.lang.AssertionError -->
          <reporter-output>
          </reporter-output>
        </test-method> <!-- udemyApp -->
        <test-method status="PASS" signature="closing()[pri:0, instance:framework.udemy@35e2d654]" name="closing" is-config="true" duration-ms="444" started-at="2021-05-21T16:53:39 IST" finished-at="2021-05-21T16:53:40 IST">
          <reporter-output>
          </reporter-output>
        </test-method> <!-- closing -->
      </class> <!-- framework.udemy -->
    </test> <!-- udemy landing -->
    <test name="Test" duration-ms="99373" started-at="2021-05-21T16:52:25 IST" finished-at="2021-05-21T16:54:05 IST">
      <class name="framework.Landingpage">
        <test-method status="PASS" signature="openingBrowser()[pri:0, instance:framework.Landingpage@5fcd892a]" name="openingBrowser" is-config="true" duration-ms="27065" started-at="2021-05-21T16:52:25 IST" finished-at="2021-05-21T16:52:52 IST">
          <reporter-output>
          </reporter-output>
        </test-method> <!-- openingBrowser -->
        <test-method status="PASS" signature="landingPage(java.lang.String)[pri:0, instance:framework.Landingpage@5fcd892a]" name="landingPage" duration-ms="50264" started-at="2021-05-21T16:52:54 IST" data-provider="getData" finished-at="2021-05-21T16:53:44 IST">
          <params>
            <param index="0">
              <value>
                <![CDATA[bavitha]]>
              </value>
            </param>
          </params>
          <reporter-output>
          </reporter-output>
        </test-method> <!-- landingPage -->
        <test-method status="PASS" signature="landingPage(java.lang.String)[pri:0, instance:framework.Landingpage@5fcd892a]" name="landingPage" duration-ms="20100" started-at="2021-05-21T16:53:44 IST" data-provider="getData" finished-at="2021-05-21T16:54:05 IST">
          <params>
            <param index="0">
              <value>
                <![CDATA[bindu]]>
              </value>
            </param>
          </params>
          <reporter-output>
          </reporter-output>
        </test-method> <!-- landingPage -->
        <test-method status="PASS" signature="close()[pri:0, instance:framework.Landingpage@5fcd892a]" name="close" is-config="true" duration-ms="93" started-at="2021-05-21T16:54:05 IST" finished-at="2021-05-21T16:54:05 IST">
          <reporter-output>
          </reporter-output>
        </test-method> <!-- close -->
      </class> <!-- framework.Landingpage -->
    </test> <!-- Test -->
  </suite> <!-- Suite -->
</testng-results>
